<?xml version="1.0" encoding="UTF-8"?>
<!-- Generated by org.testng.reporters.JUnitReportReporter -->
<testsuite skipped="0" hostname="DESKTOP-INQUNRP" name="com.TestNGParallel.MoreTestThanThreadTesting" tests="6" failures="0" timestamp="2020-06-07T18:39:12 EDT" time="16.293" errors="0">
  <testcase name="test1" time="0.014" classname="com.TestNGParallel.MoreTestThanThreadTesting"/>
  <testcase name="test2" time="16.268" classname="com.TestNGParallel.MoreTestThanThreadTesting"/>
  <testcase name="test5" time="0.004" classname="com.TestNGParallel.MoreTestThanThreadTesting"/>
  <testcase name="test4" time="0.002" classname="com.TestNGParallel.MoreTestThanThreadTesting"/>
  <testcase name="test3" time="0.002" classname="com.TestNGParallel.MoreTestThanThreadTesting"/>
  <testcase name="test6" time="0.003" classname="com.TestNGParallel.MoreTestThanThreadTesting"/>
</testsuite> <!-- com.TestNGParallel.MoreTestThanThreadTesting -->
