<?xml version="1.0" encoding="UTF-8"?>
<!-- Generated by org.testng.reporters.JUnitReportReporter -->
<testsuite skipped="0" hostname="DESKTOP-INQUNRP" name="com.TestNGgrouping.GroupingTest" tests="3" failures="0" timestamp="2020-06-07T18:39:12 EDT" time="55.595" errors="0">
  <testcase name="forgetLinkTest" time="22.933" classname="com.TestNGgrouping.GroupingTest"/>
  <testcase name="loginTest" time="16.125" classname="com.TestNGgrouping.GroupingTest"/>
  <testcase name="birthDayTest" time="16.537" classname="com.TestNGgrouping.GroupingTest"/>
</testsuite> <!-- com.TestNGgrouping.GroupingTest -->
