<?xml version="1.0" encoding="UTF-8"?>
<!-- Generated by org.testng.reporters.JUnitReportReporter -->
<testsuite skipped="0" hostname="DESKTOP-INQUNRP" name="com.TestNGParallel.ParallelThreadTesting" tests="2" failures="0" timestamp="2020-06-07T18:39:12 EDT" time="32.695" errors="0">
  <testcase name="test2" time="12.915" classname="com.TestNGParallel.ParallelThreadTesting"/>
  <testcase name="test1" time="19.780" classname="com.TestNGParallel.ParallelThreadTesting"/>
</testsuite> <!-- com.TestNGParallel.ParallelThreadTesting -->
