<?xml version="1.0" encoding="UTF-8"?>
<!-- Generated by org.testng.reporters.JUnitReportReporter -->
<testsuite skipped="0" hostname="DESKTOP-INQUNRP" name="com.TestNGBatch.SanityTest" tests="6" failures="0" timestamp="2020-06-07T18:39:12 EDT" time="0.011" errors="0">
  <testcase name="test1" time="0.001" classname="com.TestNGBatch.SanityTest"/>
  <testcase name="test2" time="0.001" classname="com.TestNGBatch.SanityTest"/>
  <testcase name="test3" time="0.001" classname="com.TestNGBatch.SanityTest"/>
  <testcase name="test4" time="0.001" classname="com.TestNGBatch.SanityTest"/>
  <testcase name="test5" time="0.001" classname="com.TestNGBatch.SanityTest"/>
  <testcase name="test6" time="0.006" classname="com.TestNGBatch.SanityTest"/>
</testsuite> <!-- com.TestNGBatch.SanityTest -->
