<?xml version="1.0" encoding="UTF-8"?>
<!-- Generated by org.testng.reporters.JUnitReportReporter -->
<testsuite skipped="0" hostname="DESKTOP-INQUNRP" name="com.TestNGBatch.LoginTest" tests="6" failures="0" timestamp="2020-06-06T19:35:19 EDT" time="0.016" errors="0">
  <testcase name="test1" time="0.016" classname="com.TestNGBatch.LoginTest"/>
  <testcase name="test2" time="0.000" classname="com.TestNGBatch.LoginTest"/>
  <testcase name="test3" time="0.000" classname="com.TestNGBatch.LoginTest"/>
  <testcase name="test4" time="0.000" classname="com.TestNGBatch.LoginTest"/>
  <testcase name="test5" time="0.000" classname="com.TestNGBatch.LoginTest"/>
  <testcase name="test6" time="0.000" classname="com.TestNGBatch.LoginTest"/>
</testsuite> <!-- com.TestNGBatch.LoginTest -->
