<?xml version="1.0" encoding="UTF-8"?>
<!-- Generated by org.testng.reporters.JUnitReportReporter -->
<testsuite skipped="0" hostname="DESKTOP-INQUNRP" name="com.TestNGgrouping.RegularExpression" tests="6" failures="0" timestamp="2020-06-07T18:39:12 EDT" time="0.014" errors="0">
  <testcase name="group" time="0.002" classname="com.TestNGgrouping.RegularExpression"/>
  <testcase name="crises_manage" time="0.003" classname="com.TestNGgrouping.RegularExpression"/>
  <testcase name="crises_controll" time="0.003" classname="com.TestNGgrouping.RegularExpression"/>
  <testcase name="crises_responses" time="0.002" classname="com.TestNGgrouping.RegularExpression"/>
  <testcase name="login" time="0.001" classname="com.TestNGgrouping.RegularExpression"/>
  <testcase name="friendlist" time="0.003" classname="com.TestNGgrouping.RegularExpression"/>
</testsuite> <!-- com.TestNGgrouping.RegularExpression -->
