<?xml version="1.0" encoding="UTF-8"?>
<!-- Generated by org.testng.reporters.JUnitReportReporter -->
<testsuite skipped="0" hostname="DESKTOP-INQUNRP" name="com.TestNG.Test1" tests="1" failures="0" timestamp="2020-06-06T12:03:40 EDT" time="0.012" errors="0">
  <testcase name="test1" time="0.012" classname="com.TestNG.Test1"/>
</testsuite> <!-- com.TestNG.Test1 -->
